Версия 1.0.1

- Добавлен (экспериментальный) модуль eig.h, решающий симметричную и
  несимметричную проблемы собственных значений.

1.0.1 Release 20/01/2006

- Добавлен модуль mda.h, реализующий метод минимальной степени для переупорядочения
  строк и столбцов разреженной симметричной положительно определенной матрицы.

- Изменения в модуле qsort.h. Добавлена универсальная функция для
  сортировки nl_qsort. Старые функции nl_xvector_qsort, nl_xvector_qsort_d,
  nl_xvector_qsort_x теперь не доступны. 

- Добавлен модуль optim.h. Реализует алгоритм Нелдера-Мида минимизации функции.

1.0.2 Release 10/04/2006

- Появился модуль iter. В нем - новый вариант ф-ии bicg.

1.0.3 Release 08/10/2006

- Я отказался от типа данных nl_index. Вместо него теперь напрямую нужно использовать
  size_t

- Появился модуль fft. Реализует алгоритмы прямого и обратного быстрого преобразования
  Фурье (длина векторов - степень двойки).

- Появился модуль conv. Реализует алгоритм Quick hull и алгоритм Эндрю построения 
  выпуклой оболочки точек на плоскости.

1.0.4 Release 26/06/2008

- Убраны все файлы, которые обычно в пакет не включают.
