c:\users\kurbatova\source\lw2020\lw_2020\lw_os_4\fileditor\x64\debug\vc141.pdb
c:\users\kurbatova\source\lw2020\lw_2020\lw_os_4\fileditor\x64\debug\vc141.idb
c:\users\kurbatova\source\lw2020\lw_2020\lw_os_4\fileditor\x64\debug\main.obj
c:\users\kurbatova\source\lw2020\lw_2020\lw_os_4\fileditor\x64\debug\fileditor.res
c:\users\kurbatova\source\lw2020\lw_2020\lw_os_4\fileditor\x64\debug\fileditor.exe.embed.manifest.res
c:\users\kurbatova\source\lw2020\lw_2020\lw_os_4\fileditor\x64\debug\richedit.obj
c:\users\kurbatova\source\lw2020\lw_2020\lw_os_4\fileditor\x64\debug\main.obj.enc
c:\users\kurbatova\source\lw2020\lw_2020\lw_os_4\fileditor\x64\debug\1_fileditor.exe.embed.manifest
c:\users\kurbatova\source\lw2020\lw_2020\lw_os_4\fileditor\x64\debug\fileditor.exe.embed.manifest
c:\users\kurbatova\source\lw2020\lw_2020\lw_os_4\fileditor\x64\debug\1_fileditor.exe.embed.manifest.res
c:\users\kurbatova\source\lw2020\lw_2020\lw_os_4\fileditor\x64\debug\1_fileditor_manifest.rc
c:\users\kurbatova\source\lw2020\lw_2020\lw_os_4\fileditor\x64\debug\fileditor_manifest.rc
c:\users\kurbatova\source\lw2020\lw_2020\lw_os_4\x64\debug\fileditor.pdb
c:\users\kurbatova\source\lw2020\lw_2020\lw_os_4\x64\debug\fileditor.exe
c:\users\kurbatova\source\lw2020\lw_2020\lw_os_4\x64\debug\fileditor.ilk
c:\users\kurbatova\source\lw2020\lw_2020\lw_os_4\fileditor\x64\debug\fileditor.tlog\cl.command.1.tlog
c:\users\kurbatova\source\lw2020\lw_2020\lw_os_4\fileditor\x64\debug\fileditor.tlog\cl.read.1.tlog
c:\users\kurbatova\source\lw2020\lw_2020\lw_os_4\fileditor\x64\debug\fileditor.tlog\cl.write.1.tlog
c:\users\kurbatova\source\lw2020\lw_2020\lw_os_4\fileditor\x64\debug\fileditor.tlog\link.command.1.tlog
c:\users\kurbatova\source\lw2020\lw_2020\lw_os_4\fileditor\x64\debug\fileditor.tlog\link.read.1.tlog
c:\users\kurbatova\source\lw2020\lw_2020\lw_os_4\fileditor\x64\debug\fileditor.tlog\link.write.1.tlog
c:\users\kurbatova\source\lw2020\lw_2020\lw_os_4\fileditor\x64\debug\fileditor.tlog\rc.command.1.tlog
c:\users\kurbatova\source\lw2020\lw_2020\lw_os_4\fileditor\x64\debug\fileditor.tlog\rc.read.1.tlog
c:\users\kurbatova\source\lw2020\lw_2020\lw_os_4\fileditor\x64\debug\fileditor.tlog\rc.write.1.tlog
